{"C:\\Users\\Junior\\Downloads\\team_Project\\Team23_Project\\server\\config\\db.js": {"path":"C:\\Users\\Junior\\Downloads\\team_Project\\Team23_Project\\server\\config\\db.js","statementMap":{"0":{"start":{"line":1,"column":14},"end":{"line":1,"column":31}},"1":{"start":{"line":4,"column":13},"end":{"line":14,"column":2}},"2":{"start":{"line":17,"column":0},"end":{"line":33,"column":3}},"3":{"start":{"line":18,"column":2},"end":{"line":32,"column":3}},"4":{"start":{"line":19,"column":4},"end":{"line":19,"column":62}},"5":{"start":{"line":20,"column":4},"end":{"line":22,"column":5}},"6":{"start":{"line":21,"column":6},"end":{"line":21,"column":55}},"7":{"start":{"line":23,"column":4},"end":{"line":25,"column":5}},"8":{"start":{"line":24,"column":6},"end":{"line":24,"column":58}},"9":{"start":{"line":26,"column":4},"end":{"line":28,"column":5}},"10":{"start":{"line":27,"column":6},"end":{"line":27,"column":56}},"11":{"start":{"line":30,"column":4},"end":{"line":30,"column":76}},"12":{"start":{"line":31,"column":4},"end":{"line":31,"column":25}},"13":{"start":{"line":35,"column":0},"end":{"line":35,"column":22}}},"fnMap":{"0":{"name":"(anonymous_0)","decl":{"start":{"line":17,"column":19},"end":{"line":17,"column":20}},"loc":{"start":{"line":17,"column":40},"end":{"line":33,"column":1}},"line":17}},"branchMap":{"0":{"loc":{"start":{"line":18,"column":2},"end":{"line":32,"column":3}},"type":"if","locations":[{"start":{"line":18,"column":2},"end":{"line":32,"column":3}},{"start":{"line":29,"column":9},"end":{"line":32,"column":3}}],"line":18},"1":{"loc":{"start":{"line":20,"column":4},"end":{"line":22,"column":5}},"type":"if","locations":[{"start":{"line":20,"column":4},"end":{"line":22,"column":5}},{"start":{},"end":{}}],"line":20},"2":{"loc":{"start":{"line":23,"column":4},"end":{"line":25,"column":5}},"type":"if","locations":[{"start":{"line":23,"column":4},"end":{"line":25,"column":5}},{"start":{},"end":{}}],"line":23},"3":{"loc":{"start":{"line":26,"column":4},"end":{"line":28,"column":5}},"type":"if","locations":[{"start":{"line":26,"column":4},"end":{"line":28,"column":5}},{"start":{},"end":{}}],"line":26}},"s":{"0":2,"1":2,"2":2,"3":2,"4":0,"5":0,"6":0,"7":0,"8":0,"9":0,"10":0,"11":2,"12":2,"13":2},"f":{"0":2},"b":{"0":[0,2],"1":[0,0],"2":[0,0],"3":[0,0]},"_coverageSchema":"1a1c01bbd47fc00a2c39e90264f33305004495a9","hash":"448862bd8f97ea9c7f88b659809b9bb761933af6"}
,"C:\\Users\\Junior\\Downloads\\team_Project\\Team23_Project\\server\\routes\\authRoutes.js": {"path":"C:\\Users\\Junior\\Downloads\\team_Project\\Team23_Project\\server\\routes\\authRoutes.js","statementMap":{"0":{"start":{"line":1,"column":13},"end":{"line":1,"column":36}},"1":{"start":{"line":2,"column":47},"end":{"line":2,"column":79}},"2":{"start":{"line":5,"column":14},"end":{"line":34,"column":1}},"3":{"start":{"line":6,"column":2},"end":{"line":33,"column":3}},"4":{"start":{"line":7,"column":17},"end":{"line":7,"column":44}},"5":{"start":{"line":8,"column":4},"end":{"line":8,"column":56}},"6":{"start":{"line":10,"column":4},"end":{"line":29,"column":6}},"7":{"start":{"line":14,"column":8},"end":{"line":18,"column":9}},"8":{"start":{"line":15,"column":10},"end":{"line":15,"column":54}},"9":{"start":{"line":16,"column":10},"end":{"line":16,"column":89}},"10":{"start":{"line":17,"column":10},"end":{"line":17,"column":17}},"11":{"start":{"line":20,"column":8},"end":{"line":27,"column":9}},"12":{"start":{"line":21,"column":23},"end":{"line":21,"column":33}},"13":{"start":{"line":22,"column":10},"end":{"line":22,"column":68}},"14":{"start":{"line":23,"column":10},"end":{"line":23,"column":62}},"15":{"start":{"line":25,"column":10},"end":{"line":25,"column":59}},"16":{"start":{"line":26,"column":10},"end":{"line":26,"column":93}},"17":{"start":{"line":31,"column":4},"end":{"line":31,"column":44}},"18":{"start":{"line":32,"column":4},"end":{"line":32,"column":74}},"19":{"start":{"line":37,"column":17},"end":{"line":94,"column":1}},"20":{"start":{"line":38,"column":2},"end":{"line":93,"column":3}},"21":{"start":{"line":39,"column":72},"end":{"line":39,"column":99}},"22":{"start":{"line":40,"column":4},"end":{"line":40,"column":52}},"23":{"start":{"line":43,"column":4},"end":{"line":89,"column":6}},"24":{"start":{"line":47,"column":8},"end":{"line":51,"column":9}},"25":{"start":{"line":48,"column":10},"end":{"line":48,"column":62}},"26":{"start":{"line":49,"column":10},"end":{"line":49,"column":82}},"27":{"start":{"line":50,"column":10},"end":{"line":50,"column":17}},"28":{"start":{"line":53,"column":8},"end":{"line":56,"column":9}},"29":{"start":{"line":54,"column":10},"end":{"line":54,"column":103}},"30":{"start":{"line":55,"column":10},"end":{"line":55,"column":17}},"31":{"start":{"line":59,"column":22},"end":{"line":62,"column":9}},"32":{"start":{"line":64,"column":8},"end":{"line":87,"column":10}},"33":{"start":{"line":68,"column":12},"end":{"line":72,"column":13}},"34":{"start":{"line":69,"column":14},"end":{"line":69,"column":60}},"35":{"start":{"line":70,"column":14},"end":{"line":70,"column":95}},"36":{"start":{"line":71,"column":14},"end":{"line":71,"column":21}},"37":{"start":{"line":74,"column":12},"end":{"line":74,"column":64}},"38":{"start":{"line":77,"column":28},"end":{"line":83,"column":13}},"39":{"start":{"line":85,"column":12},"end":{"line":85,"column":73}},"40":{"start":{"line":91,"column":4},"end":{"line":91,"column":51}},"41":{"start":{"line":92,"column":4},"end":{"line":92,"column":74}},"42":{"start":{"line":97,"column":20},"end":{"line":110,"column":1}},"43":{"start":{"line":98,"column":2},"end":{"line":98,"column":36}},"44":{"start":{"line":100,"column":2},"end":{"line":109,"column":5}},"45":{"start":{"line":101,"column":4},"end":{"line":105,"column":5}},"46":{"start":{"line":102,"column":6},"end":{"line":102,"column":51}},"47":{"start":{"line":103,"column":6},"end":{"line":103,"column":69}},"48":{"start":{"line":104,"column":6},"end":{"line":104,"column":13}},"49":{"start":{"line":107,"column":4},"end":{"line":107,"column":50}},"50":{"start":{"line":108,"column":4},"end":{"line":108,"column":39}},"51":{"start":{"line":112,"column":0},"end":{"line":116,"column":2}}},"fnMap":{"0":{"name":"(anonymous_0)","decl":{"start":{"line":5,"column":14},"end":{"line":5,"column":15}},"loc":{"start":{"line":5,"column":34},"end":{"line":34,"column":1}},"line":5},"1":{"name":"(anonymous_1)","decl":{"start":{"line":13,"column":6},"end":{"line":13,"column":7}},"loc":{"start":{"line":13,"column":24},"end":{"line":28,"column":7}},"line":13},"2":{"name":"(anonymous_2)","decl":{"start":{"line":37,"column":17},"end":{"line":37,"column":18}},"loc":{"start":{"line":37,"column":37},"end":{"line":94,"column":1}},"line":37},"3":{"name":"(anonymous_3)","decl":{"start":{"line":46,"column":6},"end":{"line":46,"column":7}},"loc":{"start":{"line":46,"column":24},"end":{"line":88,"column":7}},"line":46},"4":{"name":"(anonymous_4)","decl":{"start":{"line":67,"column":10},"end":{"line":67,"column":11}},"loc":{"start":{"line":67,"column":28},"end":{"line":86,"column":11}},"line":67},"5":{"name":"(anonymous_5)","decl":{"start":{"line":97,"column":20},"end":{"line":97,"column":21}},"loc":{"start":{"line":97,"column":34},"end":{"line":110,"column":1}},"line":97},"6":{"name":"(anonymous_6)","decl":{"start":{"line":100,"column":46},"end":{"line":100,"column":47}},"loc":{"start":{"line":100,"column":63},"end":{"line":109,"column":3}},"line":100}},"branchMap":{"0":{"loc":{"start":{"line":14,"column":8},"end":{"line":18,"column":9}},"type":"if","locations":[{"start":{"line":14,"column":8},"end":{"line":18,"column":9}},{"start":{},"end":{}}],"line":14},"1":{"loc":{"start":{"line":20,"column":8},"end":{"line":27,"column":9}},"type":"if","locations":[{"start":{"line":20,"column":8},"end":{"line":27,"column":9}},{"start":{"line":24,"column":15},"end":{"line":27,"column":9}}],"line":20},"2":{"loc":{"start":{"line":47,"column":8},"end":{"line":51,"column":9}},"type":"if","locations":[{"start":{"line":47,"column":8},"end":{"line":51,"column":9}},{"start":{},"end":{}}],"line":47},"3":{"loc":{"start":{"line":53,"column":8},"end":{"line":56,"column":9}},"type":"if","locations":[{"start":{"line":53,"column":8},"end":{"line":56,"column":9}},{"start":{},"end":{}}],"line":53},"4":{"loc":{"start":{"line":66,"column":56},"end":{"line":66,"column":75}},"type":"binary-expr","locations":[{"start":{"line":66,"column":56},"end":{"line":66,"column":67}},{"start":{"line":66,"column":71},"end":{"line":66,"column":75}}],"line":66},"5":{"loc":{"start":{"line":66,"column":77},"end":{"line":66,"column":96}},"type":"binary-expr","locations":[{"start":{"line":66,"column":77},"end":{"line":66,"column":81}},{"start":{"line":66,"column":85},"end":{"line":66,"column":96}}],"line":66},"6":{"loc":{"start":{"line":68,"column":12},"end":{"line":72,"column":13}},"type":"if","locations":[{"start":{"line":68,"column":12},"end":{"line":72,"column":13}},{"start":{},"end":{}}],"line":68},"7":{"loc":{"start":{"line":82,"column":20},"end":{"line":82,"column":39}},"type":"binary-expr","locations":[{"start":{"line":82,"column":20},"end":{"line":82,"column":24}},{"start":{"line":82,"column":28},"end":{"line":82,"column":39}}],"line":82},"8":{"loc":{"start":{"line":101,"column":4},"end":{"line":105,"column":5}},"type":"if","locations":[{"start":{"line":101,"column":4},"end":{"line":105,"column":5}},{"start":{},"end":{}}],"line":101}},"s":{"0":2,"1":2,"2":2,"3":5,"4":5,"5":5,"6":5,"7":5,"8":1,"9":1,"10":1,"11":4,"12":2,"13":2,"14":2,"15":2,"16":2,"17":0,"18":0,"19":2,"20":5,"21":5,"22":5,"23":5,"24":5,"25":1,"26":1,"27":1,"28":4,"29":2,"30":2,"31":2,"32":2,"33":2,"34":0,"35":0,"36":0,"37":2,"38":2,"39":2,"40":0,"41":0,"42":2,"43":4,"44":4,"45":4,"46":2,"47":2,"48":2,"49":2,"50":2,"51":2},"f":{"0":5,"1":5,"2":5,"3":5,"4":2,"5":4,"6":4},"b":{"0":[1,4],"1":[2,2],"2":[1,4],"3":[2,2],"4":[2,1],"5":[2,1],"6":[0,2],"7":[2,1],"8":[2,2]},"_coverageSchema":"1a1c01bbd47fc00a2c39e90264f33305004495a9","hash":"7f8ee21f44bbea5c7d99074339ef761c32bd72b3"}
,"C:\\Users\\Junior\\Downloads\\team_Project\\Team23_Project\\server\\routes\\historyRoutes.js": {"path":"C:\\Users\\Junior\\Downloads\\team_Project\\Team23_Project\\server\\routes\\historyRoutes.js","statementMap":{"0":{"start":{"line":1,"column":13},"end":{"line":1,"column":36}},"1":{"start":{"line":2,"column":47},"end":{"line":2,"column":79}},"2":{"start":{"line":5,"column":28},"end":{"line":33,"column":1}},"3":{"start":{"line":6,"column":16},"end":{"line":17,"column":3}},"4":{"start":{"line":19,"column":2},"end":{"line":32,"column":5}},"5":{"start":{"line":20,"column":4},"end":{"line":24,"column":5}},"6":{"start":{"line":21,"column":6},"end":{"line":21,"column":62}},"7":{"start":{"line":22,"column":6},"end":{"line":22,"column":85}},"8":{"start":{"line":23,"column":6},"end":{"line":23,"column":13}},"9":{"start":{"line":26,"column":20},"end":{"line":29,"column":7}},"10":{"start":{"line":26,"column":43},"end":{"line":29,"column":5}},"11":{"start":{"line":31,"column":4},"end":{"line":31,"column":59}},"12":{"start":{"line":36,"column":31},"end":{"line":66,"column":1}},"13":{"start":{"line":37,"column":16},"end":{"line":50,"column":3}},"14":{"start":{"line":52,"column":2},"end":{"line":65,"column":5}},"15":{"start":{"line":53,"column":4},"end":{"line":57,"column":5}},"16":{"start":{"line":54,"column":6},"end":{"line":54,"column":66}},"17":{"start":{"line":55,"column":6},"end":{"line":55,"column":85}},"18":{"start":{"line":56,"column":6},"end":{"line":56,"column":13}},"19":{"start":{"line":59,"column":20},"end":{"line":62,"column":7}},"20":{"start":{"line":59,"column":43},"end":{"line":62,"column":5}},"21":{"start":{"line":64,"column":4},"end":{"line":64,"column":59}},"22":{"start":{"line":69,"column":28},"end":{"line":92,"column":1}},"23":{"start":{"line":70,"column":2},"end":{"line":91,"column":3}},"24":{"start":{"line":71,"column":17},"end":{"line":71,"column":44}},"25":{"start":{"line":72,"column":95},"end":{"line":72,"column":99}},"26":{"start":{"line":74,"column":18},"end":{"line":77,"column":5}},"27":{"start":{"line":79,"column":4},"end":{"line":87,"column":7}},"28":{"start":{"line":80,"column":6},"end":{"line":84,"column":7}},"29":{"start":{"line":81,"column":8},"end":{"line":81,"column":62}},"30":{"start":{"line":82,"column":8},"end":{"line":82,"column":97}},"31":{"start":{"line":83,"column":8},"end":{"line":83,"column":15}},"32":{"start":{"line":86,"column":6},"end":{"line":86,"column":126}},"33":{"start":{"line":89,"column":4},"end":{"line":89,"column":58}},"34":{"start":{"line":90,"column":4},"end":{"line":90,"column":74}},"35":{"start":{"line":95,"column":31},"end":{"line":115,"column":1}},"36":{"start":{"line":96,"column":2},"end":{"line":114,"column":3}},"37":{"start":{"line":97,"column":17},"end":{"line":97,"column":44}},"38":{"start":{"line":98,"column":65},"end":{"line":98,"column":69}},"39":{"start":{"line":100,"column":18},"end":{"line":100,"column":113}},"40":{"start":{"line":102,"column":4},"end":{"line":110,"column":7}},"41":{"start":{"line":103,"column":6},"end":{"line":107,"column":7}},"42":{"start":{"line":104,"column":8},"end":{"line":104,"column":64}},"43":{"start":{"line":105,"column":8},"end":{"line":105,"column":100}},"44":{"start":{"line":106,"column":8},"end":{"line":106,"column":15}},"45":{"start":{"line":109,"column":6},"end":{"line":109,"column":100}},"46":{"start":{"line":112,"column":4},"end":{"line":112,"column":61}},"47":{"start":{"line":113,"column":4},"end":{"line":113,"column":74}},"48":{"start":{"line":117,"column":0},"end":{"line":122,"column":2}}},"fnMap":{"0":{"name":"(anonymous_0)","decl":{"start":{"line":5,"column":28},"end":{"line":5,"column":29}},"loc":{"start":{"line":5,"column":50},"end":{"line":33,"column":1}},"line":5},"1":{"name":"(anonymous_1)","decl":{"start":{"line":19,"column":30},"end":{"line":19,"column":31}},"loc":{"start":{"line":19,"column":48},"end":{"line":32,"column":3}},"line":19},"2":{"name":"(anonymous_2)","decl":{"start":{"line":26,"column":32},"end":{"line":26,"column":33}},"loc":{"start":{"line":26,"column":43},"end":{"line":29,"column":5}},"line":26},"3":{"name":"(anonymous_3)","decl":{"start":{"line":36,"column":31},"end":{"line":36,"column":32}},"loc":{"start":{"line":36,"column":45},"end":{"line":66,"column":1}},"line":36},"4":{"name":"(anonymous_4)","decl":{"start":{"line":52,"column":20},"end":{"line":52,"column":21}},"loc":{"start":{"line":52,"column":38},"end":{"line":65,"column":3}},"line":52},"5":{"name":"(anonymous_5)","decl":{"start":{"line":59,"column":32},"end":{"line":59,"column":33}},"loc":{"start":{"line":59,"column":43},"end":{"line":62,"column":5}},"line":59},"6":{"name":"(anonymous_6)","decl":{"start":{"line":69,"column":28},"end":{"line":69,"column":29}},"loc":{"start":{"line":69,"column":48},"end":{"line":92,"column":1}},"line":69},"7":{"name":"(anonymous_7)","decl":{"start":{"line":79,"column":104},"end":{"line":79,"column":105}},"loc":{"start":{"line":79,"column":121},"end":{"line":87,"column":5}},"line":79},"8":{"name":"(anonymous_8)","decl":{"start":{"line":95,"column":31},"end":{"line":95,"column":32}},"loc":{"start":{"line":95,"column":51},"end":{"line":115,"column":1}},"line":95},"9":{"name":"(anonymous_9)","decl":{"start":{"line":102,"column":74},"end":{"line":102,"column":75}},"loc":{"start":{"line":102,"column":91},"end":{"line":110,"column":5}},"line":102}},"branchMap":{"0":{"loc":{"start":{"line":20,"column":4},"end":{"line":24,"column":5}},"type":"if","locations":[{"start":{"line":20,"column":4},"end":{"line":24,"column":5}},{"start":{},"end":{}}],"line":20},"1":{"loc":{"start":{"line":28,"column":22},"end":{"line":28,"column":83}},"type":"cond-expr","locations":[{"start":{"line":28,"column":46},"end":{"line":28,"column":78}},{"start":{"line":28,"column":81},"end":{"line":28,"column":83}}],"line":28},"2":{"loc":{"start":{"line":53,"column":4},"end":{"line":57,"column":5}},"type":"if","locations":[{"start":{"line":53,"column":4},"end":{"line":57,"column":5}},{"start":{},"end":{}}],"line":53},"3":{"loc":{"start":{"line":61,"column":22},"end":{"line":61,"column":83}},"type":"cond-expr","locations":[{"start":{"line":61,"column":46},"end":{"line":61,"column":78}},{"start":{"line":61,"column":81},"end":{"line":61,"column":83}}],"line":61},"4":{"loc":{"start":{"line":80,"column":6},"end":{"line":84,"column":7}},"type":"if","locations":[{"start":{"line":80,"column":6},"end":{"line":84,"column":7}},{"start":{},"end":{}}],"line":80},"5":{"loc":{"start":{"line":103,"column":6},"end":{"line":107,"column":7}},"type":"if","locations":[{"start":{"line":103,"column":6},"end":{"line":107,"column":7}},{"start":{},"end":{}}],"line":103}},"s":{"0":1,"1":1,"2":1,"3":1,"4":1,"5":1,"6":0,"7":0,"8":0,"9":1,"10":1,"11":1,"12":1,"13":0,"14":0,"15":0,"16":0,"17":0,"18":0,"19":0,"20":0,"21":0,"22":1,"23":0,"24":0,"25":0,"26":0,"27":0,"28":0,"29":0,"30":0,"31":0,"32":0,"33":0,"34":0,"35":1,"36":0,"37":0,"38":0,"39":0,"40":0,"41":0,"42":0,"43":0,"44":0,"45":0,"46":0,"47":0,"48":1},"f":{"0":1,"1":1,"2":1,"3":0,"4":0,"5":0,"6":0,"7":0,"8":0,"9":0},"b":{"0":[0,1],"1":[1,0],"2":[0,0],"3":[0,0],"4":[0,0],"5":[0,0]},"_coverageSchema":"1a1c01bbd47fc00a2c39e90264f33305004495a9","hash":"e31c3463336f54cf4fd088287115eca09d8fc13d"}
,"C:\\Users\\Junior\\Downloads\\team_Project\\Team23_Project\\server\\routes\\matchingRoutes.js": {"path":"C:\\Users\\Junior\\Downloads\\team_Project\\Team23_Project\\server\\routes\\matchingRoutes.js","statementMap":{"0":{"start":{"line":1,"column":13},"end":{"line":1,"column":36}},"1":{"start":{"line":2,"column":47},"end":{"line":2,"column":79}},"2":{"start":{"line":5,"column":28},"end":{"line":55,"column":1}},"3":{"start":{"line":6,"column":16},"end":{"line":33,"column":3}},"4":{"start":{"line":35,"column":2},"end":{"line":54,"column":5}},"5":{"start":{"line":36,"column":4},"end":{"line":40,"column":5}},"6":{"start":{"line":37,"column":6},"end":{"line":37,"column":62}},"7":{"start":{"line":38,"column":6},"end":{"line":38,"column":85}},"8":{"start":{"line":39,"column":6},"end":{"line":39,"column":13}},"9":{"start":{"line":43,"column":20},"end":{"line":51,"column":7}},"10":{"start":{"line":43,"column":42},"end":{"line":51,"column":5}},"11":{"start":{"line":49,"column":10},"end":{"line":49,"column":52}},"12":{"start":{"line":53,"column":4},"end":{"line":53,"column":59}},"13":{"start":{"line":58,"column":29},"end":{"line":105,"column":1}},"14":{"start":{"line":59,"column":2},"end":{"line":104,"column":3}},"15":{"start":{"line":60,"column":17},"end":{"line":60,"column":44}},"16":{"start":{"line":61,"column":46},"end":{"line":61,"column":50}},"17":{"start":{"line":64,"column":23},"end":{"line":64,"column":99}},"18":{"start":{"line":65,"column":4},"end":{"line":100,"column":7}},"19":{"start":{"line":66,"column":6},"end":{"line":70,"column":7}},"20":{"start":{"line":67,"column":8},"end":{"line":67,"column":61}},"21":{"start":{"line":68,"column":8},"end":{"line":68,"column":87}},"22":{"start":{"line":69,"column":8},"end":{"line":69,"column":15}},"23":{"start":{"line":72,"column":6},"end":{"line":75,"column":7}},"24":{"start":{"line":73,"column":8},"end":{"line":73,"column":108}},"25":{"start":{"line":74,"column":8},"end":{"line":74,"column":15}},"26":{"start":{"line":77,"column":20},"end":{"line":77,"column":111}},"27":{"start":{"line":79,"column":6},"end":{"line":99,"column":9}},"28":{"start":{"line":80,"column":8},"end":{"line":84,"column":9}},"29":{"start":{"line":81,"column":10},"end":{"line":81,"column":64}},"30":{"start":{"line":82,"column":10},"end":{"line":82,"column":90}},"31":{"start":{"line":83,"column":10},"end":{"line":83,"column":17}},"32":{"start":{"line":87,"column":34},"end":{"line":90,"column":9}},"33":{"start":{"line":92,"column":8},"end":{"line":96,"column":11}},"34":{"start":{"line":93,"column":10},"end":{"line":95,"column":11}},"35":{"start":{"line":94,"column":12},"end":{"line":94,"column":68}},"36":{"start":{"line":98,"column":8},"end":{"line":98,"column":97}},"37":{"start":{"line":102,"column":4},"end":{"line":102,"column":59}},"38":{"start":{"line":103,"column":4},"end":{"line":103,"column":74}},"39":{"start":{"line":108,"column":26},"end":{"line":128,"column":1}},"40":{"start":{"line":109,"column":2},"end":{"line":127,"column":3}},"41":{"start":{"line":110,"column":17},"end":{"line":110,"column":44}},"42":{"start":{"line":111,"column":37},"end":{"line":111,"column":41}},"43":{"start":{"line":113,"column":18},"end":{"line":113,"column":81}},"44":{"start":{"line":115,"column":4},"end":{"line":123,"column":7}},"45":{"start":{"line":116,"column":6},"end":{"line":120,"column":7}},"46":{"start":{"line":117,"column":8},"end":{"line":117,"column":59}},"47":{"start":{"line":118,"column":8},"end":{"line":118,"column":95}},"48":{"start":{"line":119,"column":8},"end":{"line":119,"column":15}},"49":{"start":{"line":122,"column":6},"end":{"line":122,"column":98}},"50":{"start":{"line":125,"column":4},"end":{"line":125,"column":56}},"51":{"start":{"line":126,"column":4},"end":{"line":126,"column":74}},"52":{"start":{"line":130,"column":0},"end":{"line":134,"column":2}}},"fnMap":{"0":{"name":"(anonymous_0)","decl":{"start":{"line":5,"column":28},"end":{"line":5,"column":29}},"loc":{"start":{"line":5,"column":42},"end":{"line":55,"column":1}},"line":5},"1":{"name":"(anonymous_1)","decl":{"start":{"line":35,"column":20},"end":{"line":35,"column":21}},"loc":{"start":{"line":35,"column":38},"end":{"line":54,"column":3}},"line":35},"2":{"name":"(anonymous_2)","decl":{"start":{"line":43,"column":32},"end":{"line":43,"column":33}},"loc":{"start":{"line":43,"column":42},"end":{"line":51,"column":5}},"line":43},"3":{"name":"(anonymous_3)","decl":{"start":{"line":48,"column":45},"end":{"line":48,"column":46}},"loc":{"start":{"line":49,"column":10},"end":{"line":49,"column":52}},"line":49},"4":{"name":"(anonymous_4)","decl":{"start":{"line":58,"column":29},"end":{"line":58,"column":30}},"loc":{"start":{"line":58,"column":49},"end":{"line":105,"column":1}},"line":58},"5":{"name":"(anonymous_5)","decl":{"start":{"line":65,"column":51},"end":{"line":65,"column":52}},"loc":{"start":{"line":65,"column":70},"end":{"line":100,"column":5}},"line":65},"6":{"name":"(anonymous_6)","decl":{"start":{"line":79,"column":48},"end":{"line":79,"column":49}},"loc":{"start":{"line":79,"column":65},"end":{"line":99,"column":7}},"line":79},"7":{"name":"(anonymous_7)","decl":{"start":{"line":92,"column":53},"end":{"line":92,"column":54}},"loc":{"start":{"line":92,"column":67},"end":{"line":96,"column":9}},"line":92},"8":{"name":"(anonymous_8)","decl":{"start":{"line":108,"column":26},"end":{"line":108,"column":27}},"loc":{"start":{"line":108,"column":46},"end":{"line":128,"column":1}},"line":108},"9":{"name":"(anonymous_9)","decl":{"start":{"line":115,"column":46},"end":{"line":115,"column":47}},"loc":{"start":{"line":115,"column":63},"end":{"line":123,"column":5}},"line":115}},"branchMap":{"0":{"loc":{"start":{"line":36,"column":4},"end":{"line":40,"column":5}},"type":"if","locations":[{"start":{"line":36,"column":4},"end":{"line":40,"column":5}},{"start":{},"end":{}}],"line":36},"1":{"loc":{"start":{"line":45,"column":14},"end":{"line":45,"column":57}},"type":"cond-expr","locations":[{"start":{"line":45,"column":29},"end":{"line":45,"column":52}},{"start":{"line":45,"column":55},"end":{"line":45,"column":57}}],"line":45},"2":{"loc":{"start":{"line":46,"column":22},"end":{"line":46,"column":81}},"type":"cond-expr","locations":[{"start":{"line":46,"column":45},"end":{"line":46,"column":76}},{"start":{"line":46,"column":79},"end":{"line":46,"column":81}}],"line":46},"3":{"loc":{"start":{"line":47,"column":18},"end":{"line":50,"column":17}},"type":"cond-expr","locations":[{"start":{"line":48,"column":8},"end":{"line":50,"column":9}},{"start":{"line":50,"column":12},"end":{"line":50,"column":17}}],"line":47},"4":{"loc":{"start":{"line":47,"column":18},"end":{"line":47,"column":54}},"type":"binary-expr","locations":[{"start":{"line":47,"column":18},"end":{"line":47,"column":30}},{"start":{"line":47,"column":34},"end":{"line":47,"column":54}}],"line":47},"5":{"loc":{"start":{"line":66,"column":6},"end":{"line":70,"column":7}},"type":"if","locations":[{"start":{"line":66,"column":6},"end":{"line":70,"column":7}},{"start":{},"end":{}}],"line":66},"6":{"loc":{"start":{"line":72,"column":6},"end":{"line":75,"column":7}},"type":"if","locations":[{"start":{"line":72,"column":6},"end":{"line":75,"column":7}},{"start":{},"end":{}}],"line":72},"7":{"loc":{"start":{"line":80,"column":8},"end":{"line":84,"column":9}},"type":"if","locations":[{"start":{"line":80,"column":8},"end":{"line":84,"column":9}},{"start":{},"end":{}}],"line":80},"8":{"loc":{"start":{"line":93,"column":10},"end":{"line":95,"column":11}},"type":"if","locations":[{"start":{"line":93,"column":10},"end":{"line":95,"column":11}},{"start":{},"end":{}}],"line":93},"9":{"loc":{"start":{"line":116,"column":6},"end":{"line":120,"column":7}},"type":"if","locations":[{"start":{"line":116,"column":6},"end":{"line":120,"column":7}},{"start":{},"end":{}}],"line":116}},"s":{"0":1,"1":1,"2":1,"3":2,"4":2,"5":2,"6":1,"7":1,"8":1,"9":1,"10":1,"11":1,"12":1,"13":1,"14":3,"15":3,"16":3,"17":3,"18":3,"19":3,"20":1,"21":1,"22":1,"23":2,"24":1,"25":1,"26":1,"27":1,"28":1,"29":0,"30":0,"31":0,"32":1,"33":1,"34":1,"35":0,"36":1,"37":0,"38":0,"39":1,"40":2,"41":2,"42":2,"43":2,"44":2,"45":2,"46":1,"47":1,"48":1,"49":1,"50":0,"51":0,"52":1},"f":{"0":2,"1":2,"2":1,"3":1,"4":3,"5":3,"6":1,"7":1,"8":2,"9":2},"b":{"0":[1,1],"1":[1,0],"2":[1,0],"3":[1,0],"4":[1,1],"5":[1,2],"6":[1,1],"7":[0,1],"8":[0,1],"9":[1,1]},"_coverageSchema":"1a1c01bbd47fc00a2c39e90264f33305004495a9","hash":"8c902b068116b536d03048f08d532d70ac492125"}
,"C:\\Users\\Junior\\Downloads\\team_Project\\Team23_Project\\server\\routes\\reportRoutes.js": {"path":"C:\\Users\\Junior\\Downloads\\team_Project\\Team23_Project\\server\\routes\\reportRoutes.js","statementMap":{"0":{"start":{"line":1,"column":13},"end":{"line":1,"column":36}},"1":{"start":{"line":2,"column":29},"end":{"line":2,"column":61}},"2":{"start":{"line":3,"column":12},"end":{"line":3,"column":26}},"3":{"start":{"line":5,"column":22},"end":{"line":28,"column":1}},"4":{"start":{"line":6,"column":16},"end":{"line":14,"column":3}},"5":{"start":{"line":16,"column":2},"end":{"line":27,"column":5}},"6":{"start":{"line":17,"column":4},"end":{"line":24,"column":5}},"7":{"start":{"line":18,"column":6},"end":{"line":18,"column":56}},"8":{"start":{"line":19,"column":6},"end":{"line":22,"column":9}},"9":{"start":{"line":23,"column":6},"end":{"line":23,"column":13}},"10":{"start":{"line":26,"column":4},"end":{"line":26,"column":65}},"11":{"start":{"line":30,"column":19},"end":{"line":171,"column":1}},"12":{"start":{"line":32,"column":20},"end":{"line":32,"column":44}},"13":{"start":{"line":33,"column":22},"end":{"line":33,"column":37}},"14":{"start":{"line":35,"column":2},"end":{"line":35,"column":63}},"15":{"start":{"line":38,"column":64},"end":{"line":38,"column":75}},"16":{"start":{"line":40,"column":2},"end":{"line":40,"column":65}},"17":{"start":{"line":43,"column":23},"end":{"line":43,"column":25}},"18":{"start":{"line":44,"column":2},"end":{"line":47,"column":3}},"19":{"start":{"line":46,"column":4},"end":{"line":46,"column":64}},"20":{"start":{"line":48,"column":2},"end":{"line":51,"column":3}},"21":{"start":{"line":50,"column":4},"end":{"line":50,"column":62}},"22":{"start":{"line":53,"column":24},"end":{"line":55,"column":8}},"23":{"start":{"line":57,"column":2},"end":{"line":57,"column":58}},"24":{"start":{"line":60,"column":22},"end":{"line":60,"column":24}},"25":{"start":{"line":61,"column":2},"end":{"line":63,"column":3}},"26":{"start":{"line":62,"column":4},"end":{"line":62,"column":45}},"27":{"start":{"line":66,"column":22},"end":{"line":66,"column":24}},"28":{"start":{"line":67,"column":2},"end":{"line":69,"column":3}},"29":{"start":{"line":68,"column":4},"end":{"line":68,"column":53}},"30":{"start":{"line":72,"column":27},"end":{"line":72,"column":29}},"31":{"start":{"line":73,"column":2},"end":{"line":79,"column":3}},"32":{"start":{"line":74,"column":4},"end":{"line":78,"column":5}},"33":{"start":{"line":75,"column":6},"end":{"line":75,"column":61}},"34":{"start":{"line":77,"column":6},"end":{"line":77,"column":63}},"35":{"start":{"line":81,"column":18},"end":{"line":145,"column":3}},"36":{"start":{"line":148,"column":2},"end":{"line":150,"column":3}},"37":{"start":{"line":149,"column":4},"end":{"line":149,"column":106}},"38":{"start":{"line":152,"column":2},"end":{"line":152,"column":49}},"39":{"start":{"line":154,"column":2},"end":{"line":170,"column":5}},"40":{"start":{"line":155,"column":4},"end":{"line":161,"column":5}},"41":{"start":{"line":156,"column":6},"end":{"line":156,"column":63}},"42":{"start":{"line":157,"column":6},"end":{"line":160,"column":9}},"43":{"start":{"line":163,"column":4},"end":{"line":163,"column":78}},"44":{"start":{"line":166,"column":4},"end":{"line":169,"column":7}},"45":{"start":{"line":173,"column":16},"end":{"line":198,"column":1}},"46":{"start":{"line":174,"column":2},"end":{"line":197,"column":3}},"47":{"start":{"line":175,"column":54},"end":{"line":177,"column":5}},"48":{"start":{"line":178,"column":4},"end":{"line":178,"column":76}},"49":{"start":{"line":179,"column":18},"end":{"line":182,"column":5}},"50":{"start":{"line":183,"column":4},"end":{"line":193,"column":7}},"51":{"start":{"line":184,"column":6},"end":{"line":191,"column":7}},"52":{"start":{"line":185,"column":8},"end":{"line":185,"column":49}},"53":{"start":{"line":186,"column":8},"end":{"line":189,"column":11}},"54":{"start":{"line":190,"column":8},"end":{"line":190,"column":15}},"55":{"start":{"line":192,"column":6},"end":{"line":192,"column":52}},"56":{"start":{"line":195,"column":4},"end":{"line":195,"column":46}},"57":{"start":{"line":196,"column":4},"end":{"line":196,"column":74}},"58":{"start":{"line":200,"column":23},"end":{"line":396,"column":1}},"59":{"start":{"line":201,"column":2},"end":{"line":201,"column":39}},"60":{"start":{"line":204,"column":16},"end":{"line":204,"column":31}},"61":{"start":{"line":207,"column":2},"end":{"line":207,"column":51}},"62":{"start":{"line":217,"column":6},"end":{"line":217,"column":11}},"63":{"start":{"line":220,"column":24},"end":{"line":220,"column":26}},"64":{"start":{"line":221,"column":20},"end":{"line":221,"column":22}},"65":{"start":{"line":223,"column":2},"end":{"line":226,"column":3}},"66":{"start":{"line":224,"column":4},"end":{"line":224,"column":43}},"67":{"start":{"line":225,"column":4},"end":{"line":225,"column":32}},"68":{"start":{"line":228,"column":2},"end":{"line":231,"column":3}},"69":{"start":{"line":229,"column":4},"end":{"line":229,"column":41}},"70":{"start":{"line":230,"column":4},"end":{"line":230,"column":30}},"71":{"start":{"line":233,"column":2},"end":{"line":236,"column":3}},"72":{"start":{"line":234,"column":4},"end":{"line":234,"column":48}},"73":{"start":{"line":235,"column":4},"end":{"line":235,"column":31}},"74":{"start":{"line":238,"column":2},"end":{"line":241,"column":3}},"75":{"start":{"line":239,"column":4},"end":{"line":239,"column":41}},"76":{"start":{"line":240,"column":4},"end":{"line":240,"column":29}},"77":{"start":{"line":244,"column":22},"end":{"line":246,"column":8}},"78":{"start":{"line":249,"column":2},"end":{"line":249,"column":56}},"79":{"start":{"line":250,"column":2},"end":{"line":250,"column":48}},"80":{"start":{"line":253,"column":20},"end":{"line":292,"column":3}},"81":{"start":{"line":294,"column":2},"end":{"line":294,"column":49}},"82":{"start":{"line":296,"column":2},"end":{"line":395,"column":5}},"83":{"start":{"line":297,"column":4},"end":{"line":304,"column":5}},"84":{"start":{"line":298,"column":6},"end":{"line":298,"column":64}},"85":{"start":{"line":299,"column":6},"end":{"line":302,"column":9}},"86":{"start":{"line":303,"column":6},"end":{"line":303,"column":13}},"87":{"start":{"line":306,"column":4},"end":{"line":306,"column":85}},"88":{"start":{"line":308,"column":4},"end":{"line":313,"column":5}},"89":{"start":{"line":309,"column":6},"end":{"line":309,"column":57}},"90":{"start":{"line":311,"column":6},"end":{"line":311,"column":62}},"91":{"start":{"line":312,"column":6},"end":{"line":312,"column":13}},"92":{"start":{"line":316,"column":26},"end":{"line":316,"column":33}},"93":{"start":{"line":318,"column":4},"end":{"line":324,"column":5}},"94":{"start":{"line":319,"column":23},"end":{"line":319,"column":45}},"95":{"start":{"line":320,"column":6},"end":{"line":320,"column":61}},"96":{"start":{"line":321,"column":6},"end":{"line":323,"column":8}},"97":{"start":{"line":322,"column":17},"end":{"line":322,"column":54}},"98":{"start":{"line":326,"column":4},"end":{"line":332,"column":5}},"99":{"start":{"line":327,"column":23},"end":{"line":327,"column":45}},"100":{"start":{"line":328,"column":6},"end":{"line":328,"column":61}},"101":{"start":{"line":329,"column":6},"end":{"line":331,"column":8}},"102":{"start":{"line":330,"column":17},"end":{"line":330,"column":54}},"103":{"start":{"line":335,"column":4},"end":{"line":374,"column":7}},"104":{"start":{"line":337,"column":6},"end":{"line":337,"column":75}},"105":{"start":{"line":340,"column":29},"end":{"line":342,"column":11}},"106":{"start":{"line":344,"column":26},"end":{"line":346,"column":11}},"107":{"start":{"line":349,"column":30},"end":{"line":351,"column":11}},"108":{"start":{"line":354,"column":26},"end":{"line":354,"column":35}},"109":{"start":{"line":355,"column":6},"end":{"line":361,"column":7}},"110":{"start":{"line":356,"column":8},"end":{"line":360,"column":9}},"111":{"start":{"line":357,"column":10},"end":{"line":357,"column":102}},"112":{"start":{"line":359,"column":10},"end":{"line":359,"column":64}},"113":{"start":{"line":363,"column":6},"end":{"line":373,"column":8}},"114":{"start":{"line":377,"column":22},"end":{"line":387,"column":5}},"115":{"start":{"line":379,"column":65},"end":{"line":379,"column":96}},"116":{"start":{"line":380,"column":60},"end":{"line":380,"column":90}},"117":{"start":{"line":382,"column":50},"end":{"line":382,"column":81}},"118":{"start":{"line":385,"column":50},"end":{"line":385,"column":73}},"119":{"start":{"line":389,"column":4},"end":{"line":389,"column":97}},"120":{"start":{"line":390,"column":4},"end":{"line":394,"column":7}},"121":{"start":{"line":398,"column":0},"end":{"line":403,"column":2}}},"fnMap":{"0":{"name":"(anonymous_0)","decl":{"start":{"line":5,"column":22},"end":{"line":5,"column":23}},"loc":{"start":{"line":5,"column":36},"end":{"line":28,"column":1}},"line":5},"1":{"name":"(anonymous_1)","decl":{"start":{"line":16,"column":20},"end":{"line":16,"column":21}},"loc":{"start":{"line":16,"column":38},"end":{"line":27,"column":3}},"line":16},"2":{"name":"(anonymous_2)","decl":{"start":{"line":30,"column":19},"end":{"line":30,"column":20}},"loc":{"start":{"line":30,"column":33},"end":{"line":171,"column":1}},"line":30},"3":{"name":"(anonymous_3)","decl":{"start":{"line":154,"column":24},"end":{"line":154,"column":25}},"loc":{"start":{"line":154,"column":42},"end":{"line":170,"column":3}},"line":154},"4":{"name":"(anonymous_4)","decl":{"start":{"line":173,"column":16},"end":{"line":173,"column":17}},"loc":{"start":{"line":173,"column":36},"end":{"line":198,"column":1}},"line":173},"5":{"name":"(anonymous_5)","decl":{"start":{"line":183,"column":63},"end":{"line":183,"column":64}},"loc":{"start":{"line":183,"column":72},"end":{"line":193,"column":5}},"line":183},"6":{"name":"(anonymous_6)","decl":{"start":{"line":200,"column":23},"end":{"line":200,"column":24}},"loc":{"start":{"line":200,"column":37},"end":{"line":396,"column":1}},"line":200},"7":{"name":"(anonymous_7)","decl":{"start":{"line":296,"column":37},"end":{"line":296,"column":38}},"loc":{"start":{"line":296,"column":55},"end":{"line":395,"column":3}},"line":296},"8":{"name":"(anonymous_8)","decl":{"start":{"line":322,"column":8},"end":{"line":322,"column":9}},"loc":{"start":{"line":322,"column":17},"end":{"line":322,"column":54}},"line":322},"9":{"name":"(anonymous_9)","decl":{"start":{"line":330,"column":8},"end":{"line":330,"column":9}},"loc":{"start":{"line":330,"column":17},"end":{"line":330,"column":54}},"line":330},"10":{"name":"(anonymous_10)","decl":{"start":{"line":335,"column":42},"end":{"line":335,"column":43}},"loc":{"start":{"line":335,"column":51},"end":{"line":374,"column":5}},"line":335},"11":{"name":"(anonymous_11)","decl":{"start":{"line":379,"column":49},"end":{"line":379,"column":50}},"loc":{"start":{"line":379,"column":65},"end":{"line":379,"column":96}},"line":379},"12":{"name":"(anonymous_12)","decl":{"start":{"line":380,"column":44},"end":{"line":380,"column":45}},"loc":{"start":{"line":380,"column":60},"end":{"line":380,"column":90}},"line":380},"13":{"name":"(anonymous_13)","decl":{"start":{"line":382,"column":34},"end":{"line":382,"column":35}},"loc":{"start":{"line":382,"column":50},"end":{"line":382,"column":81}},"line":382},"14":{"name":"(anonymous_14)","decl":{"start":{"line":385,"column":34},"end":{"line":385,"column":35}},"loc":{"start":{"line":385,"column":50},"end":{"line":385,"column":73}},"line":385}},"branchMap":{"0":{"loc":{"start":{"line":17,"column":4},"end":{"line":24,"column":5}},"type":"if","locations":[{"start":{"line":17,"column":4},"end":{"line":24,"column":5}},{"start":{},"end":{}}],"line":17},"1":{"loc":{"start":{"line":44,"column":2},"end":{"line":47,"column":3}},"type":"if","locations":[{"start":{"line":44,"column":2},"end":{"line":47,"column":3}},{"start":{},"end":{}}],"line":44},"2":{"loc":{"start":{"line":48,"column":2},"end":{"line":51,"column":3}},"type":"if","locations":[{"start":{"line":48,"column":2},"end":{"line":51,"column":3}},{"start":{},"end":{}}],"line":48},"3":{"loc":{"start":{"line":53,"column":24},"end":{"line":55,"column":8}},"type":"cond-expr","locations":[{"start":{"line":54,"column":6},"end":{"line":54,"column":43}},{"start":{"line":55,"column":6},"end":{"line":55,"column":8}}],"line":53},"4":{"loc":{"start":{"line":61,"column":2},"end":{"line":63,"column":3}},"type":"if","locations":[{"start":{"line":61,"column":2},"end":{"line":63,"column":3}},{"start":{},"end":{}}],"line":61},"5":{"loc":{"start":{"line":61,"column":6},"end":{"line":61,"column":28}},"type":"binary-expr","locations":[{"start":{"line":61,"column":6},"end":{"line":61,"column":10}},{"start":{"line":61,"column":14},"end":{"line":61,"column":28}}],"line":61},"6":{"loc":{"start":{"line":67,"column":2},"end":{"line":69,"column":3}},"type":"if","locations":[{"start":{"line":67,"column":2},"end":{"line":69,"column":3}},{"start":{},"end":{}}],"line":67},"7":{"loc":{"start":{"line":67,"column":6},"end":{"line":67,"column":36}},"type":"binary-expr","locations":[{"start":{"line":67,"column":6},"end":{"line":67,"column":14}},{"start":{"line":67,"column":18},"end":{"line":67,"column":36}}],"line":67},"8":{"loc":{"start":{"line":73,"column":2},"end":{"line":79,"column":3}},"type":"if","locations":[{"start":{"line":73,"column":2},"end":{"line":79,"column":3}},{"start":{},"end":{}}],"line":73},"9":{"loc":{"start":{"line":73,"column":6},"end":{"line":73,"column":46}},"type":"binary-expr","locations":[{"start":{"line":73,"column":6},"end":{"line":73,"column":19}},{"start":{"line":73,"column":23},"end":{"line":73,"column":46}}],"line":73},"10":{"loc":{"start":{"line":74,"column":4},"end":{"line":78,"column":5}},"type":"if","locations":[{"start":{"line":74,"column":4},"end":{"line":78,"column":5}},{"start":{"line":76,"column":11},"end":{"line":78,"column":5}}],"line":74},"11":{"loc":{"start":{"line":74,"column":8},"end":{"line":74,"column":38}},"type":"binary-expr","locations":[{"start":{"line":74,"column":8},"end":{"line":74,"column":16}},{"start":{"line":74,"column":20},"end":{"line":74,"column":38}}],"line":74},"12":{"loc":{"start":{"line":148,"column":2},"end":{"line":150,"column":3}},"type":"if","locations":[{"start":{"line":148,"column":2},"end":{"line":150,"column":3}},{"start":{},"end":{}}],"line":148},"13":{"loc":{"start":{"line":148,"column":6},"end":{"line":148,"column":41}},"type":"binary-expr","locations":[{"start":{"line":148,"column":6},"end":{"line":148,"column":19}},{"start":{"line":148,"column":23},"end":{"line":148,"column":41}}],"line":148},"14":{"loc":{"start":{"line":155,"column":4},"end":{"line":161,"column":5}},"type":"if","locations":[{"start":{"line":155,"column":4},"end":{"line":161,"column":5}},{"start":{},"end":{}}],"line":155},"15":{"loc":{"start":{"line":163,"column":46},"end":{"line":163,"column":66}},"type":"binary-expr","locations":[{"start":{"line":163,"column":46},"end":{"line":163,"column":61}},{"start":{"line":163,"column":65},"end":{"line":163,"column":66}}],"line":163},"16":{"loc":{"start":{"line":168,"column":12},"end":{"line":168,"column":25}},"type":"binary-expr","locations":[{"start":{"line":168,"column":12},"end":{"line":168,"column":19}},{"start":{"line":168,"column":23},"end":{"line":168,"column":25}}],"line":168},"17":{"loc":{"start":{"line":184,"column":6},"end":{"line":191,"column":7}},"type":"if","locations":[{"start":{"line":184,"column":6},"end":{"line":191,"column":7}},{"start":{},"end":{}}],"line":184},"18":{"loc":{"start":{"line":204,"column":16},"end":{"line":204,"column":31}},"type":"binary-expr","locations":[{"start":{"line":204,"column":16},"end":{"line":204,"column":25}},{"start":{"line":204,"column":29},"end":{"line":204,"column":31}}],"line":204},"19":{"loc":{"start":{"line":223,"column":2},"end":{"line":226,"column":3}},"type":"if","locations":[{"start":{"line":223,"column":2},"end":{"line":226,"column":3}},{"start":{},"end":{}}],"line":223},"20":{"loc":{"start":{"line":228,"column":2},"end":{"line":231,"column":3}},"type":"if","locations":[{"start":{"line":228,"column":2},"end":{"line":231,"column":3}},{"start":{},"end":{}}],"line":228},"21":{"loc":{"start":{"line":233,"column":2},"end":{"line":236,"column":3}},"type":"if","locations":[{"start":{"line":233,"column":2},"end":{"line":236,"column":3}},{"start":{},"end":{}}],"line":233},"22":{"loc":{"start":{"line":233,"column":6},"end":{"line":233,"column":36}},"type":"binary-expr","locations":[{"start":{"line":233,"column":6},"end":{"line":233,"column":14}},{"start":{"line":233,"column":18},"end":{"line":233,"column":36}}],"line":233},"23":{"loc":{"start":{"line":238,"column":2},"end":{"line":241,"column":3}},"type":"if","locations":[{"start":{"line":238,"column":2},"end":{"line":241,"column":3}},{"start":{},"end":{}}],"line":238},"24":{"loc":{"start":{"line":238,"column":6},"end":{"line":238,"column":32}},"type":"binary-expr","locations":[{"start":{"line":238,"column":6},"end":{"line":238,"column":12}},{"start":{"line":238,"column":16},"end":{"line":238,"column":32}}],"line":238},"25":{"loc":{"start":{"line":244,"column":22},"end":{"line":246,"column":8}},"type":"cond-expr","locations":[{"start":{"line":245,"column":6},"end":{"line":245,"column":46}},{"start":{"line":246,"column":6},"end":{"line":246,"column":8}}],"line":244},"26":{"loc":{"start":{"line":297,"column":4},"end":{"line":304,"column":5}},"type":"if","locations":[{"start":{"line":297,"column":4},"end":{"line":304,"column":5}},{"start":{},"end":{}}],"line":297},"27":{"loc":{"start":{"line":306,"column":46},"end":{"line":306,"column":74}},"type":"cond-expr","locations":[{"start":{"line":306,"column":56},"end":{"line":306,"column":70}},{"start":{"line":306,"column":73},"end":{"line":306,"column":74}}],"line":306},"28":{"loc":{"start":{"line":308,"column":4},"end":{"line":313,"column":5}},"type":"if","locations":[{"start":{"line":308,"column":4},"end":{"line":313,"column":5}},{"start":{},"end":{}}],"line":308},"29":{"loc":{"start":{"line":308,"column":8},"end":{"line":308,"column":40}},"type":"binary-expr","locations":[{"start":{"line":308,"column":8},"end":{"line":308,"column":16}},{"start":{"line":308,"column":20},"end":{"line":308,"column":40}}],"line":308},"30":{"loc":{"start":{"line":318,"column":4},"end":{"line":324,"column":5}},"type":"if","locations":[{"start":{"line":318,"column":4},"end":{"line":324,"column":5}},{"start":{},"end":{}}],"line":318},"31":{"loc":{"start":{"line":326,"column":4},"end":{"line":332,"column":5}},"type":"if","locations":[{"start":{"line":326,"column":4},"end":{"line":332,"column":5}},{"start":{},"end":{}}],"line":326},"32":{"loc":{"start":{"line":340,"column":29},"end":{"line":342,"column":11}},"type":"cond-expr","locations":[{"start":{"line":341,"column":10},"end":{"line":341,"column":89}},{"start":{"line":342,"column":10},"end":{"line":342,"column":11}}],"line":340},"33":{"loc":{"start":{"line":344,"column":26},"end":{"line":346,"column":11}},"type":"cond-expr","locations":[{"start":{"line":345,"column":10},"end":{"line":345,"column":95}},{"start":{"line":346,"column":10},"end":{"line":346,"column":11}}],"line":344},"34":{"loc":{"start":{"line":349,"column":30},"end":{"line":351,"column":11}},"type":"cond-expr","locations":[{"start":{"line":350,"column":10},"end":{"line":350,"column":82}},{"start":{"line":351,"column":10},"end":{"line":351,"column":11}}],"line":349},"35":{"loc":{"start":{"line":349,"column":30},"end":{"line":349,"column":78}},"type":"binary-expr","locations":[{"start":{"line":349,"column":30},"end":{"line":349,"column":52}},{"start":{"line":349,"column":56},"end":{"line":349,"column":78}}],"line":349},"36":{"loc":{"start":{"line":355,"column":6},"end":{"line":361,"column":7}},"type":"if","locations":[{"start":{"line":355,"column":6},"end":{"line":361,"column":7}},{"start":{},"end":{}}],"line":355},"37":{"loc":{"start":{"line":356,"column":8},"end":{"line":360,"column":9}},"type":"if","locations":[{"start":{"line":356,"column":8},"end":{"line":360,"column":9}},{"start":{"line":358,"column":15},"end":{"line":360,"column":9}}],"line":356},"38":{"loc":{"start":{"line":365,"column":17},"end":{"line":365,"column":77}},"type":"cond-expr","locations":[{"start":{"line":365,"column":33},"end":{"line":365,"column":70}},{"start":{"line":365,"column":73},"end":{"line":365,"column":77}}],"line":365},"39":{"loc":{"start":{"line":366,"column":15},"end":{"line":366,"column":71}},"type":"cond-expr","locations":[{"start":{"line":366,"column":29},"end":{"line":366,"column":64}},{"start":{"line":366,"column":67},"end":{"line":366,"column":71}}],"line":366},"40":{"loc":{"start":{"line":367,"column":25},"end":{"line":367,"column":101}},"type":"cond-expr","locations":[{"start":{"line":367,"column":49},"end":{"line":367,"column":94}},{"start":{"line":367,"column":97},"end":{"line":367,"column":101}}],"line":367},"41":{"loc":{"start":{"line":368,"column":23},"end":{"line":368,"column":95}},"type":"cond-expr","locations":[{"start":{"line":368,"column":45},"end":{"line":368,"column":88}},{"start":{"line":368,"column":91},"end":{"line":368,"column":95}}],"line":368},"42":{"loc":{"start":{"line":381,"column":25},"end":{"line":383,"column":11}},"type":"cond-expr","locations":[{"start":{"line":382,"column":10},"end":{"line":382,"column":122}},{"start":{"line":383,"column":10},"end":{"line":383,"column":11}}],"line":381},"43":{"loc":{"start":{"line":384,"column":26},"end":{"line":386,"column":11}},"type":"cond-expr","locations":[{"start":{"line":385,"column":10},"end":{"line":385,"column":114}},{"start":{"line":386,"column":10},"end":{"line":386,"column":11}}],"line":384}},"s":{"0":1,"1":1,"2":1,"3":1,"4":2,"5":2,"6":2,"7":1,"8":1,"9":1,"10":1,"11":1,"12":3,"13":3,"14":3,"15":3,"16":3,"17":3,"18":3,"19":2,"20":3,"21":0,"22":3,"23":3,"24":3,"25":3,"26":0,"27":3,"28":3,"29":1,"30":3,"31":3,"32":1,"33":1,"34":0,"35":3,"36":3,"37":1,"38":3,"39":3,"40":3,"41":1,"42":1,"43":2,"44":2,"45":1,"46":3,"47":3,"48":0,"49":0,"50":0,"51":0,"52":0,"53":0,"54":0,"55":0,"56":3,"57":3,"58":1,"59":3,"60":3,"61":3,"62":3,"63":3,"64":3,"65":3,"66":0,"67":0,"68":3,"69":0,"70":0,"71":3,"72":0,"73":0,"74":3,"75":0,"76":0,"77":3,"78":3,"79":3,"80":3,"81":3,"82":3,"83":3,"84":1,"85":1,"86":1,"87":2,"88":2,"89":1,"90":1,"91":1,"92":1,"93":1,"94":0,"95":0,"96":0,"97":0,"98":1,"99":0,"100":0,"101":0,"102":0,"103":1,"104":1,"105":1,"106":1,"107":1,"108":1,"109":1,"110":1,"111":0,"112":1,"113":1,"114":1,"115":1,"116":1,"117":1,"118":1,"119":1,"120":1,"121":1},"f":{"0":2,"1":2,"2":3,"3":3,"4":3,"5":0,"6":3,"7":3,"8":0,"9":0,"10":1,"11":1,"12":1,"13":1,"14":1},"b":{"0":[1,1],"1":[2,1],"2":[0,3],"3":[2,1],"4":[0,3],"5":[3,0],"6":[1,2],"7":[3,1],"8":[1,2],"9":[3,1],"10":[1,0],"11":[1,1],"12":[1,2],"13":[3,2],"14":[1,2],"15":[2,1],"16":[2,0],"17":[0,0],"18":[3,0],"19":[0,3],"20":[0,3],"21":[0,3],"22":[3,0],"23":[0,3],"24":[3,0],"25":[0,3],"26":[1,2],"27":[2,0],"28":[1,1],"29":[2,2],"30":[0,1],"31":[0,1],"32":[1,0],"33":[1,0],"34":[1,0],"35":[1,1],"36":[1,0],"37":[0,1],"38":[1,0],"39":[1,0],"40":[0,1],"41":[0,1],"42":[1,0],"43":[1,0]},"_coverageSchema":"1a1c01bbd47fc00a2c39e90264f33305004495a9","hash":"e1463ce98f842cc4772625bcbbc9adee17db384e"}
,"C:\\Users\\Junior\\Downloads\\team_Project\\Team23_Project\\server\\routes\\volunteerRoutes.js": {"path":"C:\\Users\\Junior\\Downloads\\team_Project\\Team23_Project\\server\\routes\\volunteerRoutes.js","statementMap":{"0":{"start":{"line":1,"column":13},"end":{"line":1,"column":36}},"1":{"start":{"line":2,"column":47},"end":{"line":2,"column":79}},"2":{"start":{"line":5,"column":32},"end":{"line":37,"column":1}},"3":{"start":{"line":6,"column":16},"end":{"line":19,"column":3}},"4":{"start":{"line":21,"column":2},"end":{"line":36,"column":5}},"5":{"start":{"line":22,"column":4},"end":{"line":26,"column":5}},"6":{"start":{"line":23,"column":6},"end":{"line":23,"column":63}},"7":{"start":{"line":24,"column":6},"end":{"line":24,"column":85}},"8":{"start":{"line":25,"column":6},"end":{"line":25,"column":13}},"9":{"start":{"line":29,"column":23},"end":{"line":33,"column":7}},"10":{"start":{"line":29,"column":49},"end":{"line":33,"column":5}},"11":{"start":{"line":35,"column":4},"end":{"line":35,"column":62}},"12":{"start":{"line":40,"column":26},"end":{"line":65,"column":1}},"13":{"start":{"line":41,"column":2},"end":{"line":64,"column":3}},"14":{"start":{"line":42,"column":17},"end":{"line":42,"column":44}},"15":{"start":{"line":43,"column":28},"end":{"line":43,"column":32}},"16":{"start":{"line":45,"column":18},"end":{"line":45,"column":81}},"17":{"start":{"line":47,"column":4},"end":{"line":60,"column":7}},"18":{"start":{"line":48,"column":6},"end":{"line":52,"column":7}},"19":{"start":{"line":49,"column":8},"end":{"line":49,"column":59}},"20":{"start":{"line":50,"column":8},"end":{"line":50,"column":95}},"21":{"start":{"line":51,"column":8},"end":{"line":51,"column":15}},"22":{"start":{"line":54,"column":6},"end":{"line":57,"column":7}},"23":{"start":{"line":55,"column":8},"end":{"line":55,"column":81}},"24":{"start":{"line":56,"column":8},"end":{"line":56,"column":15}},"25":{"start":{"line":59,"column":6},"end":{"line":59,"column":98}},"26":{"start":{"line":62,"column":4},"end":{"line":62,"column":56}},"27":{"start":{"line":63,"column":4},"end":{"line":63,"column":74}},"28":{"start":{"line":68,"column":26},"end":{"line":97,"column":1}},"29":{"start":{"line":69,"column":21},"end":{"line":79,"column":3}},"30":{"start":{"line":81,"column":2},"end":{"line":96,"column":5}},"31":{"start":{"line":82,"column":4},"end":{"line":86,"column":5}},"32":{"start":{"line":83,"column":6},"end":{"line":83,"column":60}},"33":{"start":{"line":84,"column":6},"end":{"line":84,"column":85}},"34":{"start":{"line":85,"column":6},"end":{"line":85,"column":13}},"35":{"start":{"line":88,"column":18},"end":{"line":93,"column":5}},"36":{"start":{"line":95,"column":4},"end":{"line":95,"column":57}},"37":{"start":{"line":100,"column":24},"end":{"line":121,"column":1}},"38":{"start":{"line":101,"column":16},"end":{"line":110,"column":3}},"39":{"start":{"line":112,"column":2},"end":{"line":120,"column":5}},"40":{"start":{"line":113,"column":4},"end":{"line":117,"column":5}},"41":{"start":{"line":114,"column":6},"end":{"line":114,"column":58}},"42":{"start":{"line":115,"column":6},"end":{"line":115,"column":85}},"43":{"start":{"line":116,"column":6},"end":{"line":116,"column":13}},"44":{"start":{"line":119,"column":4},"end":{"line":119,"column":67}},"45":{"start":{"line":124,"column":26},"end":{"line":145,"column":1}},"46":{"start":{"line":125,"column":16},"end":{"line":134,"column":3}},"47":{"start":{"line":136,"column":2},"end":{"line":144,"column":5}},"48":{"start":{"line":137,"column":4},"end":{"line":141,"column":5}},"49":{"start":{"line":138,"column":6},"end":{"line":138,"column":60}},"50":{"start":{"line":139,"column":6},"end":{"line":139,"column":85}},"51":{"start":{"line":140,"column":6},"end":{"line":140,"column":13}},"52":{"start":{"line":143,"column":4},"end":{"line":143,"column":67}},"53":{"start":{"line":148,"column":25},"end":{"line":169,"column":1}},"54":{"start":{"line":149,"column":16},"end":{"line":158,"column":3}},"55":{"start":{"line":160,"column":2},"end":{"line":168,"column":5}},"56":{"start":{"line":161,"column":4},"end":{"line":165,"column":5}},"57":{"start":{"line":162,"column":6},"end":{"line":162,"column":59}},"58":{"start":{"line":163,"column":6},"end":{"line":163,"column":85}},"59":{"start":{"line":164,"column":6},"end":{"line":164,"column":13}},"60":{"start":{"line":167,"column":4},"end":{"line":167,"column":67}},"61":{"start":{"line":172,"column":39},"end":{"line":206,"column":1}},"62":{"start":{"line":173,"column":16},"end":{"line":189,"column":3}},"63":{"start":{"line":191,"column":2},"end":{"line":205,"column":5}},"64":{"start":{"line":192,"column":4},"end":{"line":196,"column":5}},"65":{"start":{"line":193,"column":6},"end":{"line":193,"column":75}},"66":{"start":{"line":194,"column":6},"end":{"line":194,"column":85}},"67":{"start":{"line":195,"column":6},"end":{"line":195,"column":13}},"68":{"start":{"line":199,"column":19},"end":{"line":202,"column":7}},"69":{"start":{"line":199,"column":41},"end":{"line":202,"column":5}},"70":{"start":{"line":204,"column":4},"end":{"line":204,"column":58}},"71":{"start":{"line":208,"column":0},"end":{"line":216,"column":2}}},"fnMap":{"0":{"name":"(anonymous_0)","decl":{"start":{"line":5,"column":32},"end":{"line":5,"column":33}},"loc":{"start":{"line":5,"column":46},"end":{"line":37,"column":1}},"line":5},"1":{"name":"(anonymous_1)","decl":{"start":{"line":21,"column":20},"end":{"line":21,"column":21}},"loc":{"start":{"line":21,"column":38},"end":{"line":36,"column":3}},"line":21},"2":{"name":"(anonymous_2)","decl":{"start":{"line":29,"column":35},"end":{"line":29,"column":36}},"loc":{"start":{"line":29,"column":49},"end":{"line":33,"column":5}},"line":29},"3":{"name":"(anonymous_3)","decl":{"start":{"line":40,"column":26},"end":{"line":40,"column":27}},"loc":{"start":{"line":40,"column":55},"end":{"line":65,"column":1}},"line":40},"4":{"name":"(anonymous_4)","decl":{"start":{"line":47,"column":46},"end":{"line":47,"column":47}},"loc":{"start":{"line":47,"column":63},"end":{"line":60,"column":5}},"line":47},"5":{"name":"(anonymous_5)","decl":{"start":{"line":68,"column":26},"end":{"line":68,"column":27}},"loc":{"start":{"line":68,"column":48},"end":{"line":97,"column":1}},"line":68},"6":{"name":"(anonymous_6)","decl":{"start":{"line":81,"column":43},"end":{"line":81,"column":44}},"loc":{"start":{"line":81,"column":61},"end":{"line":96,"column":3}},"line":81},"7":{"name":"(anonymous_7)","decl":{"start":{"line":100,"column":24},"end":{"line":100,"column":25}},"loc":{"start":{"line":100,"column":46},"end":{"line":121,"column":1}},"line":100},"8":{"name":"(anonymous_8)","decl":{"start":{"line":112,"column":30},"end":{"line":112,"column":31}},"loc":{"start":{"line":112,"column":48},"end":{"line":120,"column":3}},"line":112},"9":{"name":"(anonymous_9)","decl":{"start":{"line":124,"column":26},"end":{"line":124,"column":27}},"loc":{"start":{"line":124,"column":48},"end":{"line":145,"column":1}},"line":124},"10":{"name":"(anonymous_10)","decl":{"start":{"line":136,"column":30},"end":{"line":136,"column":31}},"loc":{"start":{"line":136,"column":48},"end":{"line":144,"column":3}},"line":136},"11":{"name":"(anonymous_11)","decl":{"start":{"line":148,"column":25},"end":{"line":148,"column":26}},"loc":{"start":{"line":148,"column":47},"end":{"line":169,"column":1}},"line":148},"12":{"name":"(anonymous_12)","decl":{"start":{"line":160,"column":30},"end":{"line":160,"column":31}},"loc":{"start":{"line":160,"column":48},"end":{"line":168,"column":3}},"line":160},"13":{"name":"(anonymous_13)","decl":{"start":{"line":172,"column":39},"end":{"line":172,"column":40}},"loc":{"start":{"line":172,"column":61},"end":{"line":206,"column":1}},"line":172},"14":{"name":"(anonymous_14)","decl":{"start":{"line":191,"column":38},"end":{"line":191,"column":39}},"loc":{"start":{"line":191,"column":56},"end":{"line":205,"column":3}},"line":191},"15":{"name":"(anonymous_15)","decl":{"start":{"line":199,"column":31},"end":{"line":199,"column":32}},"loc":{"start":{"line":199,"column":41},"end":{"line":202,"column":5}},"line":199}},"branchMap":{"0":{"loc":{"start":{"line":22,"column":4},"end":{"line":26,"column":5}},"type":"if","locations":[{"start":{"line":22,"column":4},"end":{"line":26,"column":5}},{"start":{},"end":{}}],"line":22},"1":{"loc":{"start":{"line":31,"column":14},"end":{"line":31,"column":65}},"type":"cond-expr","locations":[{"start":{"line":31,"column":33},"end":{"line":31,"column":60}},{"start":{"line":31,"column":63},"end":{"line":31,"column":65}}],"line":31},"2":{"loc":{"start":{"line":32,"column":19},"end":{"line":32,"column":80}},"type":"cond-expr","locations":[{"start":{"line":32,"column":43},"end":{"line":32,"column":75}},{"start":{"line":32,"column":78},"end":{"line":32,"column":80}}],"line":32},"3":{"loc":{"start":{"line":48,"column":6},"end":{"line":52,"column":7}},"type":"if","locations":[{"start":{"line":48,"column":6},"end":{"line":52,"column":7}},{"start":{},"end":{}}],"line":48},"4":{"loc":{"start":{"line":54,"column":6},"end":{"line":57,"column":7}},"type":"if","locations":[{"start":{"line":54,"column":6},"end":{"line":57,"column":7}},{"start":{},"end":{}}],"line":54},"5":{"loc":{"start":{"line":82,"column":4},"end":{"line":86,"column":5}},"type":"if","locations":[{"start":{"line":82,"column":4},"end":{"line":86,"column":5}},{"start":{},"end":{}}],"line":82},"6":{"loc":{"start":{"line":88,"column":18},"end":{"line":93,"column":5}},"type":"binary-expr","locations":[{"start":{"line":88,"column":18},"end":{"line":88,"column":28}},{"start":{"line":88,"column":32},"end":{"line":93,"column":5}}],"line":88},"7":{"loc":{"start":{"line":113,"column":4},"end":{"line":117,"column":5}},"type":"if","locations":[{"start":{"line":113,"column":4},"end":{"line":117,"column":5}},{"start":{},"end":{}}],"line":113},"8":{"loc":{"start":{"line":137,"column":4},"end":{"line":141,"column":5}},"type":"if","locations":[{"start":{"line":137,"column":4},"end":{"line":141,"column":5}},{"start":{},"end":{}}],"line":137},"9":{"loc":{"start":{"line":161,"column":4},"end":{"line":165,"column":5}},"type":"if","locations":[{"start":{"line":161,"column":4},"end":{"line":165,"column":5}},{"start":{},"end":{}}],"line":161},"10":{"loc":{"start":{"line":192,"column":4},"end":{"line":196,"column":5}},"type":"if","locations":[{"start":{"line":192,"column":4},"end":{"line":196,"column":5}},{"start":{},"end":{}}],"line":192},"11":{"loc":{"start":{"line":201,"column":22},"end":{"line":201,"column":81}},"type":"cond-expr","locations":[{"start":{"line":201,"column":45},"end":{"line":201,"column":76}},{"start":{"line":201,"column":79},"end":{"line":201,"column":81}}],"line":201}},"s":{"0":1,"1":1,"2":1,"3":2,"4":2,"5":2,"6":1,"7":1,"8":1,"9":1,"10":1,"11":1,"12":1,"13":4,"14":4,"15":3,"16":3,"17":3,"18":3,"19":1,"20":1,"21":1,"22":2,"23":1,"24":1,"25":1,"26":1,"27":1,"28":1,"29":2,"30":2,"31":2,"32":1,"33":1,"34":1,"35":1,"36":1,"37":1,"38":2,"39":2,"40":2,"41":1,"42":1,"43":1,"44":1,"45":1,"46":2,"47":2,"48":2,"49":1,"50":1,"51":1,"52":1,"53":1,"54":2,"55":2,"56":2,"57":1,"58":1,"59":1,"60":1,"61":1,"62":2,"63":2,"64":2,"65":1,"66":1,"67":1,"68":1,"69":1,"70":1,"71":1},"f":{"0":2,"1":2,"2":1,"3":4,"4":3,"5":2,"6":2,"7":2,"8":2,"9":2,"10":2,"11":2,"12":2,"13":2,"14":2,"15":1},"b":{"0":[1,1],"1":[1,0],"2":[1,0],"3":[1,2],"4":[1,1],"5":[1,1],"6":[1,0],"7":[1,1],"8":[1,1],"9":[1,1],"10":[1,1],"11":[1,0]},"_coverageSchema":"1a1c01bbd47fc00a2c39e90264f33305004495a9","hash":"d3c970cb6e13405c36d92aa6ce2a5c963c495434"}
,"C:\\Users\\Junior\\Downloads\\team_Project\\Team23_Project\\server\\utils\\requestUtils.js": {"path":"C:\\Users\\Junior\\Downloads\\team_Project\\Team23_Project\\server\\utils\\requestUtils.js","statementMap":{"0":{"start":{"line":2,"column":25},"end":{"line":24,"column":1}},"1":{"start":{"line":3,"column":2},"end":{"line":23,"column":5}},"2":{"start":{"line":4,"column":17},"end":{"line":4,"column":19}},"3":{"start":{"line":5,"column":4},"end":{"line":7,"column":7}},"4":{"start":{"line":6,"column":6},"end":{"line":6,"column":23}},"5":{"start":{"line":8,"column":4},"end":{"line":19,"column":7}},"6":{"start":{"line":9,"column":6},"end":{"line":18,"column":7}},"7":{"start":{"line":10,"column":8},"end":{"line":15,"column":9}},"8":{"start":{"line":11,"column":29},"end":{"line":11,"column":71}},"9":{"start":{"line":12,"column":10},"end":{"line":12,"column":30}},"10":{"start":{"line":14,"column":10},"end":{"line":14,"column":22}},"11":{"start":{"line":17,"column":8},"end":{"line":17,"column":22}},"12":{"start":{"line":20,"column":4},"end":{"line":22,"column":7}},"13":{"start":{"line":21,"column":6},"end":{"line":21,"column":18}},"14":{"start":{"line":27,"column":25},"end":{"line":30,"column":1}},"15":{"start":{"line":28,"column":2},"end":{"line":28,"column":68}},"16":{"start":{"line":29,"column":2},"end":{"line":29,"column":32}},"17":{"start":{"line":33,"column":23},"end":{"line":37,"column":1}},"18":{"start":{"line":34,"column":2},"end":{"line":34,"column":52}},"19":{"start":{"line":35,"column":2},"end":{"line":35,"column":70}},"20":{"start":{"line":36,"column":2},"end":{"line":36,"column":64}},"21":{"start":{"line":39,"column":0},"end":{"line":43,"column":2}}},"fnMap":{"0":{"name":"(anonymous_0)","decl":{"start":{"line":2,"column":25},"end":{"line":2,"column":26}},"loc":{"start":{"line":2,"column":34},"end":{"line":24,"column":1}},"line":2},"1":{"name":"(anonymous_1)","decl":{"start":{"line":3,"column":21},"end":{"line":3,"column":22}},"loc":{"start":{"line":3,"column":42},"end":{"line":23,"column":3}},"line":3},"2":{"name":"(anonymous_2)","decl":{"start":{"line":5,"column":19},"end":{"line":5,"column":20}},"loc":{"start":{"line":5,"column":30},"end":{"line":7,"column":5}},"line":5},"3":{"name":"(anonymous_3)","decl":{"start":{"line":8,"column":18},"end":{"line":8,"column":19}},"loc":{"start":{"line":8,"column":24},"end":{"line":19,"column":5}},"line":8},"4":{"name":"(anonymous_4)","decl":{"start":{"line":20,"column":20},"end":{"line":20,"column":21}},"loc":{"start":{"line":20,"column":29},"end":{"line":22,"column":5}},"line":20},"5":{"name":"(anonymous_5)","decl":{"start":{"line":27,"column":25},"end":{"line":27,"column":26}},"loc":{"start":{"line":27,"column":52},"end":{"line":30,"column":1}},"line":27},"6":{"name":"(anonymous_6)","decl":{"start":{"line":33,"column":23},"end":{"line":33,"column":24}},"loc":{"start":{"line":33,"column":32},"end":{"line":37,"column":1}},"line":33}},"branchMap":{"0":{"loc":{"start":{"line":10,"column":8},"end":{"line":15,"column":9}},"type":"if","locations":[{"start":{"line":10,"column":8},"end":{"line":15,"column":9}},{"start":{"line":13,"column":15},"end":{"line":15,"column":9}}],"line":10}},"s":{"0":1,"1":3,"2":3,"3":3,"4":2,"5":3,"6":3,"7":3,"8":2,"9":1,"10":1,"11":1,"12":3,"13":0,"14":1,"15":1,"16":1,"17":1,"18":1,"19":1,"20":1,"21":1},"f":{"0":3,"1":3,"2":2,"3":3,"4":0,"5":1,"6":1},"b":{"0":[2,1]},"_coverageSchema":"1a1c01bbd47fc00a2c39e90264f33305004495a9","hash":"549d237ee630056b6395274b35f2469eb8f295a6"}
}
