TN:
SF:server\config\db.js
FN:17,(anonymous_0)
FNF:1
FNH:1
FNDA:2,(anonymous_0)
DA:1,2
DA:4,2
DA:17,2
DA:18,2
DA:19,0
DA:20,0
DA:21,0
DA:23,0
DA:24,0
DA:26,0
DA:27,0
DA:30,2
DA:31,2
DA:35,2
LF:14
LH:7
BRDA:18,0,0,0
BRDA:18,0,1,2
BRDA:20,1,0,0
BRDA:20,1,1,0
BRDA:23,2,0,0
BRDA:23,2,1,0
BRDA:26,3,0,0
BRDA:26,3,1,0
BRF:8
BRH:1
end_of_record
TN:
SF:server\routes\authRoutes.js
FN:5,(anonymous_0)
FN:13,(anonymous_1)
FN:37,(anonymous_2)
FN:46,(anonymous_3)
FN:67,(anonymous_4)
FN:97,(anonymous_5)
FN:100,(anonymous_6)
FNF:7
FNH:7
FNDA:5,(anonymous_0)
FNDA:5,(anonymous_1)
FNDA:5,(anonymous_2)
FNDA:5,(anonymous_3)
FNDA:2,(anonymous_4)
FNDA:4,(anonymous_5)
FNDA:4,(anonymous_6)
DA:1,2
DA:2,2
DA:5,2
DA:6,5
DA:7,5
DA:8,5
DA:10,5
DA:14,5
DA:15,1
DA:16,1
DA:17,1
DA:20,4
DA:21,2
DA:22,2
DA:23,2
DA:25,2
DA:26,2
DA:31,0
DA:32,0
DA:37,2
DA:38,5
DA:39,5
DA:40,5
DA:43,5
DA:47,5
DA:48,1
DA:49,1
DA:50,1
DA:53,4
DA:54,2
DA:55,2
DA:59,2
DA:64,2
DA:68,2
DA:69,0
DA:70,0
DA:71,0
DA:74,2
DA:77,2
DA:85,2
DA:91,0
DA:92,0
DA:97,2
DA:98,4
DA:100,4
DA:101,4
DA:102,2
DA:103,2
DA:104,2
DA:107,2
DA:108,2
DA:112,2
LF:52
LH:45
BRDA:14,0,0,1
BRDA:14,0,1,4
BRDA:20,1,0,2
BRDA:20,1,1,2
BRDA:47,2,0,1
BRDA:47,2,1,4
BRDA:53,3,0,2
BRDA:53,3,1,2
BRDA:66,4,0,2
BRDA:66,4,1,1
BRDA:66,5,0,2
BRDA:66,5,1,1
BRDA:68,6,0,0
BRDA:68,6,1,2
BRDA:82,7,0,2
BRDA:82,7,1,1
BRDA:101,8,0,2
BRDA:101,8,1,2
BRF:18
BRH:17
end_of_record
TN:
SF:server\routes\historyRoutes.js
FN:5,(anonymous_0)
FN:19,(anonymous_1)
FN:26,(anonymous_2)
FN:36,(anonymous_3)
FN:52,(anonymous_4)
FN:59,(anonymous_5)
FN:69,(anonymous_6)
FN:79,(anonymous_7)
FN:95,(anonymous_8)
FN:102,(anonymous_9)
FNF:10
FNH:3
FNDA:1,(anonymous_0)
FNDA:1,(anonymous_1)
FNDA:1,(anonymous_2)
FNDA:0,(anonymous_3)
FNDA:0,(anonymous_4)
FNDA:0,(anonymous_5)
FNDA:0,(anonymous_6)
FNDA:0,(anonymous_7)
FNDA:0,(anonymous_8)
FNDA:0,(anonymous_9)
DA:1,1
DA:2,1
DA:5,1
DA:6,1
DA:19,1
DA:20,1
DA:21,0
DA:22,0
DA:23,0
DA:26,1
DA:31,1
DA:36,1
DA:37,0
DA:52,0
DA:53,0
DA:54,0
DA:55,0
DA:56,0
DA:59,0
DA:64,0
DA:69,1
DA:70,0
DA:71,0
DA:72,0
DA:74,0
DA:79,0
DA:80,0
DA:81,0
DA:82,0
DA:83,0
DA:86,0
DA:89,0
DA:90,0
DA:95,1
DA:96,0
DA:97,0
DA:98,0
DA:100,0
DA:102,0
DA:103,0
DA:104,0
DA:105,0
DA:106,0
DA:109,0
DA:112,0
DA:113,0
DA:117,1
LF:47
LH:12
BRDA:20,0,0,0
BRDA:20,0,1,1
BRDA:28,1,0,1
BRDA:28,1,1,0
BRDA:53,2,0,0
BRDA:53,2,1,0
BRDA:61,3,0,0
BRDA:61,3,1,0
BRDA:80,4,0,0
BRDA:80,4,1,0
BRDA:103,5,0,0
BRDA:103,5,1,0
BRF:12
BRH:2
end_of_record
TN:
SF:server\routes\matchingRoutes.js
FN:5,(anonymous_0)
FN:35,(anonymous_1)
FN:43,(anonymous_2)
FN:48,(anonymous_3)
FN:58,(anonymous_4)
FN:65,(anonymous_5)
FN:79,(anonymous_6)
FN:92,(anonymous_7)
FN:108,(anonymous_8)
FN:115,(anonymous_9)
FNF:10
FNH:10
FNDA:2,(anonymous_0)
FNDA:2,(anonymous_1)
FNDA:1,(anonymous_2)
FNDA:1,(anonymous_3)
FNDA:3,(anonymous_4)
FNDA:3,(anonymous_5)
FNDA:1,(anonymous_6)
FNDA:1,(anonymous_7)
FNDA:2,(anonymous_8)
FNDA:2,(anonymous_9)
DA:1,1
DA:2,1
DA:5,1
DA:6,2
DA:35,2
DA:36,2
DA:37,1
DA:38,1
DA:39,1
DA:43,1
DA:49,1
DA:53,1
DA:58,1
DA:59,3
DA:60,3
DA:61,3
DA:64,3
DA:65,3
DA:66,3
DA:67,1
DA:68,1
DA:69,1
DA:72,2
DA:73,1
DA:74,1
DA:77,1
DA:79,1
DA:80,1
DA:81,0
DA:82,0
DA:83,0
DA:87,1
DA:92,1
DA:93,1
DA:94,0
DA:98,1
DA:102,0
DA:103,0
DA:108,1
DA:109,2
DA:110,2
DA:111,2
DA:113,2
DA:115,2
DA:116,2
DA:117,1
DA:118,1
DA:119,1
DA:122,1
DA:125,0
DA:126,0
DA:130,1
LF:52
LH:44
BRDA:36,0,0,1
BRDA:36,0,1,1
BRDA:45,1,0,1
BRDA:45,1,1,0
BRDA:46,2,0,1
BRDA:46,2,1,0
BRDA:47,3,0,1
BRDA:47,3,1,0
BRDA:47,4,0,1
BRDA:47,4,1,1
BRDA:66,5,0,1
BRDA:66,5,1,2
BRDA:72,6,0,1
BRDA:72,6,1,1
BRDA:80,7,0,0
BRDA:80,7,1,1
BRDA:93,8,0,0
BRDA:93,8,1,1
BRDA:116,9,0,1
BRDA:116,9,1,1
BRF:20
BRH:15
end_of_record
TN:
SF:server\routes\reportRoutes.js
FN:5,(anonymous_0)
FN:16,(anonymous_1)
FN:30,(anonymous_2)
FN:154,(anonymous_3)
FN:173,(anonymous_4)
FN:183,(anonymous_5)
FN:200,(anonymous_6)
FN:296,(anonymous_7)
FN:322,(anonymous_8)
FN:330,(anonymous_9)
FN:335,(anonymous_10)
FN:379,(anonymous_11)
FN:380,(anonymous_12)
FN:382,(anonymous_13)
FN:385,(anonymous_14)
FNF:15
FNH:12
FNDA:2,(anonymous_0)
FNDA:2,(anonymous_1)
FNDA:3,(anonymous_2)
FNDA:3,(anonymous_3)
FNDA:3,(anonymous_4)
FNDA:0,(anonymous_5)
FNDA:3,(anonymous_6)
FNDA:3,(anonymous_7)
FNDA:0,(anonymous_8)
FNDA:0,(anonymous_9)
FNDA:1,(anonymous_10)
FNDA:1,(anonymous_11)
FNDA:1,(anonymous_12)
FNDA:1,(anonymous_13)
FNDA:1,(anonymous_14)
DA:1,1
DA:2,1
DA:3,1
DA:5,1
DA:6,2
DA:16,2
DA:17,2
DA:18,1
DA:19,1
DA:23,1
DA:26,1
DA:30,1
DA:32,3
DA:33,3
DA:35,3
DA:38,3
DA:40,3
DA:43,3
DA:44,3
DA:46,2
DA:48,3
DA:50,0
DA:53,3
DA:57,3
DA:60,3
DA:61,3
DA:62,0
DA:66,3
DA:67,3
DA:68,1
DA:72,3
DA:73,3
DA:74,1
DA:75,1
DA:77,0
DA:81,3
DA:148,3
DA:149,1
DA:152,3
DA:154,3
DA:155,3
DA:156,1
DA:157,1
DA:163,2
DA:166,2
DA:173,1
DA:174,3
DA:175,3
DA:178,0
DA:179,0
DA:183,0
DA:184,0
DA:185,0
DA:186,0
DA:190,0
DA:192,0
DA:195,3
DA:196,3
DA:200,1
DA:201,3
DA:204,3
DA:207,3
DA:217,3
DA:220,3
DA:221,3
DA:223,3
DA:224,0
DA:225,0
DA:228,3
DA:229,0
DA:230,0
DA:233,3
DA:234,0
DA:235,0
DA:238,3
DA:239,0
DA:240,0
DA:244,3
DA:249,3
DA:250,3
DA:253,3
DA:294,3
DA:296,3
DA:297,3
DA:298,1
DA:299,1
DA:303,1
DA:306,2
DA:308,2
DA:309,1
DA:311,1
DA:312,1
DA:316,1
DA:318,1
DA:319,0
DA:320,0
DA:321,0
DA:322,0
DA:326,1
DA:327,0
DA:328,0
DA:329,0
DA:330,0
DA:335,1
DA:337,1
DA:340,1
DA:344,1
DA:349,1
DA:354,1
DA:355,1
DA:356,1
DA:357,0
DA:359,1
DA:363,1
DA:377,1
DA:379,1
DA:380,1
DA:382,1
DA:385,1
DA:389,1
DA:390,1
DA:398,1
LF:122
LH:94
BRDA:17,0,0,1
BRDA:17,0,1,1
BRDA:44,1,0,2
BRDA:44,1,1,1
BRDA:48,2,0,0
BRDA:48,2,1,3
BRDA:53,3,0,2
BRDA:53,3,1,1
BRDA:61,4,0,0
BRDA:61,4,1,3
BRDA:61,5,0,3
BRDA:61,5,1,0
BRDA:67,6,0,1
BRDA:67,6,1,2
BRDA:67,7,0,3
BRDA:67,7,1,1
BRDA:73,8,0,1
BRDA:73,8,1,2
BRDA:73,9,0,3
BRDA:73,9,1,1
BRDA:74,10,0,1
BRDA:74,10,1,0
BRDA:74,11,0,1
BRDA:74,11,1,1
BRDA:148,12,0,1
BRDA:148,12,1,2
BRDA:148,13,0,3
BRDA:148,13,1,2
BRDA:155,14,0,1
BRDA:155,14,1,2
BRDA:163,15,0,2
BRDA:163,15,1,1
BRDA:168,16,0,2
BRDA:168,16,1,0
BRDA:184,17,0,0
BRDA:184,17,1,0
BRDA:204,18,0,3
BRDA:204,18,1,0
BRDA:223,19,0,0
BRDA:223,19,1,3
BRDA:228,20,0,0
BRDA:228,20,1,3
BRDA:233,21,0,0
BRDA:233,21,1,3
BRDA:233,22,0,3
BRDA:233,22,1,0
BRDA:238,23,0,0
BRDA:238,23,1,3
BRDA:238,24,0,3
BRDA:238,24,1,0
BRDA:244,25,0,0
BRDA:244,25,1,3
BRDA:297,26,0,1
BRDA:297,26,1,2
BRDA:306,27,0,2
BRDA:306,27,1,0
BRDA:308,28,0,1
BRDA:308,28,1,1
BRDA:308,29,0,2
BRDA:308,29,1,2
BRDA:318,30,0,0
BRDA:318,30,1,1
BRDA:326,31,0,0
BRDA:326,31,1,1
BRDA:340,32,0,1
BRDA:340,32,1,0
BRDA:344,33,0,1
BRDA:344,33,1,0
BRDA:349,34,0,1
BRDA:349,34,1,0
BRDA:349,35,0,1
BRDA:349,35,1,1
BRDA:355,36,0,1
BRDA:355,36,1,0
BRDA:356,37,0,0
BRDA:356,37,1,1
BRDA:365,38,0,1
BRDA:365,38,1,0
BRDA:366,39,0,1
BRDA:366,39,1,0
BRDA:367,40,0,0
BRDA:367,40,1,1
BRDA:368,41,0,0
BRDA:368,41,1,1
BRDA:381,42,0,1
BRDA:381,42,1,0
BRDA:384,43,0,1
BRDA:384,43,1,0
BRF:88
BRH:59
end_of_record
TN:
SF:server\routes\volunteerRoutes.js
FN:5,(anonymous_0)
FN:21,(anonymous_1)
FN:29,(anonymous_2)
FN:40,(anonymous_3)
FN:47,(anonymous_4)
FN:68,(anonymous_5)
FN:81,(anonymous_6)
FN:100,(anonymous_7)
FN:112,(anonymous_8)
FN:124,(anonymous_9)
FN:136,(anonymous_10)
FN:148,(anonymous_11)
FN:160,(anonymous_12)
FN:172,(anonymous_13)
FN:191,(anonymous_14)
FN:199,(anonymous_15)
FNF:16
FNH:16
FNDA:2,(anonymous_0)
FNDA:2,(anonymous_1)
FNDA:1,(anonymous_2)
FNDA:4,(anonymous_3)
FNDA:3,(anonymous_4)
FNDA:2,(anonymous_5)
FNDA:2,(anonymous_6)
FNDA:2,(anonymous_7)
FNDA:2,(anonymous_8)
FNDA:2,(anonymous_9)
FNDA:2,(anonymous_10)
FNDA:2,(anonymous_11)
FNDA:2,(anonymous_12)
FNDA:2,(anonymous_13)
FNDA:2,(anonymous_14)
FNDA:1,(anonymous_15)
DA:1,1
DA:2,1
DA:5,1
DA:6,2
DA:21,2
DA:22,2
DA:23,1
DA:24,1
DA:25,1
DA:29,1
DA:35,1
DA:40,1
DA:41,4
DA:42,4
DA:43,3
DA:45,3
DA:47,3
DA:48,3
DA:49,1
DA:50,1
DA:51,1
DA:54,2
DA:55,1
DA:56,1
DA:59,1
DA:62,1
DA:63,1
DA:68,1
DA:69,2
DA:81,2
DA:82,2
DA:83,1
DA:84,1
DA:85,1
DA:88,1
DA:95,1
DA:100,1
DA:101,2
DA:112,2
DA:113,2
DA:114,1
DA:115,1
DA:116,1
DA:119,1
DA:124,1
DA:125,2
DA:136,2
DA:137,2
DA:138,1
DA:139,1
DA:140,1
DA:143,1
DA:148,1
DA:149,2
DA:160,2
DA:161,2
DA:162,1
DA:163,1
DA:164,1
DA:167,1
DA:172,1
DA:173,2
DA:191,2
DA:192,2
DA:193,1
DA:194,1
DA:195,1
DA:199,1
DA:204,1
DA:208,1
LF:70
LH:70
BRDA:22,0,0,1
BRDA:22,0,1,1
BRDA:31,1,0,1
BRDA:31,1,1,0
BRDA:32,2,0,1
BRDA:32,2,1,0
BRDA:48,3,0,1
BRDA:48,3,1,2
BRDA:54,4,0,1
BRDA:54,4,1,1
BRDA:82,5,0,1
BRDA:82,5,1,1
BRDA:88,6,0,1
BRDA:88,6,1,0
BRDA:113,7,0,1
BRDA:113,7,1,1
BRDA:137,8,0,1
BRDA:137,8,1,1
BRDA:161,9,0,1
BRDA:161,9,1,1
BRDA:192,10,0,1
BRDA:192,10,1,1
BRDA:201,11,0,1
BRDA:201,11,1,0
BRF:24
BRH:20
end_of_record
TN:
SF:server\utils\requestUtils.js
FN:2,(anonymous_0)
FN:3,(anonymous_1)
FN:5,(anonymous_2)
FN:8,(anonymous_3)
FN:20,(anonymous_4)
FN:27,(anonymous_5)
FN:33,(anonymous_6)
FNF:7
FNH:6
FNDA:3,(anonymous_0)
FNDA:3,(anonymous_1)
FNDA:2,(anonymous_2)
FNDA:3,(anonymous_3)
FNDA:0,(anonymous_4)
FNDA:1,(anonymous_5)
FNDA:1,(anonymous_6)
DA:2,1
DA:3,3
DA:4,3
DA:5,3
DA:6,2
DA:8,3
DA:9,3
DA:10,3
DA:11,2
DA:12,1
DA:14,1
DA:17,1
DA:20,3
DA:21,0
DA:27,1
DA:28,1
DA:29,1
DA:33,1
DA:34,1
DA:35,1
DA:36,1
DA:39,1
LF:22
LH:21
BRDA:10,0,0,2
BRDA:10,0,1,1
BRF:2
BRH:2
end_of_record
